#
# A fatal error has been detected by the Java Runtime Environment:
#
#  SIGSEGV (0xb) at pc=0x00007f2a2fb0e0ad, pid=13767, tid=13774
#
# JRE version: OpenJDK Runtime Environment (11.0.7+10) (build 11.0.7+10-post-Ubuntu-3ubuntu1)
# Java VM: OpenJDK 64-Bit Server VM (11.0.7+10-post-Ubuntu-3ubuntu1, mixed mode, sharing, tiered, compressed oops, g1 gc, linux-amd64)
# Problematic frame:
# C  [libjimage.so+0x30ad]
#
# Core dump will be written. Default location: Core dumps may be processed with "/lib/systemd/systemd-coredump %P %u %g %s %t 9223372036854775808 %h" (or dumping to /home/ikkaku/Documents/Algo-Coding/core.13767)
#
# If you would like to submit a bug report, please visit:
#   https://bugs.launchpad.net/ubuntu/+source/openjdk-lts
#

---------------  S U M M A R Y ------------

Command Line: -agentlib:jdwp=transport=dt_socket,suspend=y,address=localhost:38461 -javaagent:/home/ikkaku/eclipse/jee-2020-06/eclipse/configuration/org.eclipse.osgi/406/0/.cp/lib/javaagent-shaded.jar -Dfile.encoding=UTF-8 hackerEarth.BasicIO.Cipher

Host: Intel(R) Core(TM) i3-5010U CPU @ 2.10GHz, 4 cores, 3G, Linux Mint 20 Ulyana
Time: Thu Jul 23 00:03:56 2020 IST elapsed time: 16201 seconds (0d 4h 30m 1s)

---------------  T H R E A D  ---------------

Current thread (0x00007f2a28017000):  JavaThread "main" [_thread_in_vm, id=13774, stack(0x00007f2a2fbc4000,0x00007f2a2fcc5000)]

Stack: [0x00007f2a2fbc4000,0x00007f2a2fcc5000],  sp=0x00007f2a2fcc21d0,  free space=1016k
Native frames: (J=compiled Java code, A=aot compiled Java code, j=interpreted, Vv=VM code, C=native code)
C  [libjimage.so+0x30ad]
C  [libjimage.so+0x3da2]
C  [libjimage.so+0x42b1]  JIMAGE_FindResource+0xf1
V  [libjvm.so+0x57f081]